<?xml version="1.0" encoding="UTF-8"?>
<!-- Generated by org.testng.reporters.JUnitReportReporter -->
<testsuite hostname="Chandrahasa" failures="0" tests="3" name="TestNG.RandomCreation" time="0.008" errors="0" timestamp="2022-03-01T19:13:42 IST" skipped="0">
  <testcase classname="TestNG.RandomCreation" name="testcase3" time="0.000"/>
  <system-out/>
  <testcase classname="TestNG.RandomCreation" name="testcase2" time="0.001"/>
  <system-out/>
  <testcase classname="TestNG.RandomCreation" name="testcase1" time="0.007"/>
  <system-out/>
</testsuite> <!-- TestNG.RandomCreation -->
