<?xml version="1.0" encoding="UTF-8"?>
<!-- Generated by org.testng.reporters.JUnitReportReporter -->
<testsuite hostname="Chandrahasa" failures="0" tests="3" name="TestNG.Login" time="37.620" errors="0" timestamp="2022-03-08T22:04:17 IST" skipped="0">
  <testcase classname="TestNG.Login" name="log2" time="9.182"/>
  <system-out/>
  <testcase classname="TestNG.Login" name="log1" time="15.883"/>
  <system-out/>
  <testcase classname="TestNG.Login" name="log3" time="12.555"/>
  <system-out/>
</testsuite> <!-- TestNG.Login -->
