<?xml version="1.0" encoding="UTF-8"?>
<!-- Generated by org.testng.reporters.JUnitReportReporter -->
<testsuite hostname="Chandrahasa" failures="0" tests="1" name="TestNG.PaymentReturns" time="0.008" errors="0" timestamp="2022-03-03T09:02:09 IST" skipped="0">
  <testcase classname="TestNG.PaymentReturns" name="paymentreturnbybank" time="0.008"/>
  <system-out/>
</testsuite> <!-- TestNG.PaymentReturns -->
