<?xml version="1.0" encoding="UTF-8"?>
<!-- Generated by org.testng.reporters.JUnitReportReporter -->
<testsuite hostname="Chandrahasa" failures="0" tests="2" name="TestNG.PaymentTest" time="0.005" errors="0" timestamp="2022-03-01T19:43:45 IST" skipped="0">
  <testcase classname="TestNG.PaymentTest" name="paymentinrupees" time="0.003"/>
  <system-out/>
  <testcase classname="TestNG.PaymentTest" name="paymentindollar" time="0.002"/>
  <system-out/>
</testsuite> <!-- TestNG.PaymentTest -->
