<?xml version="1.0" encoding="UTF-8"?>
<!-- Generated by org.testng.reporters.JUnitReportReporter -->
<testsuite hostname="Chandrahasa" failures="0" tests="3" name="TestNG.SignUp" time="36.448" errors="0" timestamp="2022-03-08T22:04:17 IST" skipped="0">
  <testcase classname="TestNG.SignUp" name="log4" time="13.398"/>
  <system-out/>
  <testcase classname="TestNG.SignUp" name="log6" time="12.610"/>
  <system-out/>
  <testcase classname="TestNG.SignUp" name="log5" time="10.440"/>
  <system-out/>
</testsuite> <!-- TestNG.SignUp -->
